<?xml version="1.0" encoding="UTF-8"?>
<testsuite name="be.kuleuven.speculaas.SpeculaasTests" tests="1" skipped="0" failures="0" errors="0" timestamp="2021-07-29T11:29:58" hostname="Wouters-M1-Air.local" time="0.01">
  <properties/>
  <testcase name="maakNieuweSpeculaasAan_standaardZonderBoter()" classname="be.kuleuven.speculaas.SpeculaasTests" time="0.01"/>
  <system-out><![CDATA[]]></system-out>
  <system-err><![CDATA[]]></system-err>
</testsuite>
